2020-02-23 15:09:50.180  INFO 18080 --- [main] com.wjw.community.CommunityApplication   : Starting CommunityApplication on wjwpc with PID 18080 (F:\daima\community\target\classes started by 1635739073 in F:\daima\community)
2020-02-23 15:09:50.185  INFO 18080 --- [main] com.wjw.community.CommunityApplication   : No active profile set, falling back to default profiles: default
2020-02-23 15:09:53.610  INFO 18080 --- [main] o.s.b.w.embedded.tomcat.TomcatWebServer  : Tomcat initialized with port(s): 8060 (http)
2020-02-23 15:09:53.624  INFO 18080 --- [main] o.apache.catalina.core.StandardService   : Starting service [Tomcat]
2020-02-23 15:09:53.625  INFO 18080 --- [main] org.apache.catalina.core.StandardEngine  : Starting Servlet engine: [Apache Tomcat/9.0.30]
2020-02-23 15:09:53.795  INFO 18080 --- [main] o.a.c.c.C.[Tomcat].[localhost].[/]       : Initializing Spring embedded WebApplicationContext
2020-02-23 15:09:53.796  INFO 18080 --- [main] o.s.web.context.ContextLoader            : Root WebApplicationContext: initialization completed in 3362 ms
2020-02-23 15:09:54.812  INFO 18080 --- [main] o.s.s.concurrent.ThreadPoolTaskExecutor  : Initializing ExecutorService 'applicationTaskExecutor'
2020-02-23 15:09:54.928  INFO 18080 --- [main] o.s.b.a.w.s.WelcomePageHandlerMapping    : Adding welcome page template: index
2020-02-23 15:09:55.214  INFO 18080 --- [main] o.s.b.w.embedded.tomcat.TomcatWebServer  : Tomcat started on port(s): 8060 (http) with context path ''
2020-02-23 15:09:55.218  INFO 18080 --- [main] com.wjw.community.CommunityApplication   : Started CommunityApplication in 5.632 seconds (JVM running for 8.129)
2020-02-23 15:10:08.377  INFO 18080 --- [http-nio-8060-exec-1] o.a.c.c.C.[Tomcat].[localhost].[/]       : Initializing Spring DispatcherServlet 'dispatcherServlet'
2020-02-23 15:10:08.378  INFO 18080 --- [http-nio-8060-exec-1] o.s.web.servlet.DispatcherServlet        : Initializing Servlet 'dispatcherServlet'
2020-02-23 15:10:08.393  INFO 18080 --- [http-nio-8060-exec-1] o.s.web.servlet.DispatcherServlet        : Completed initialization in 15 ms
2020-02-23 15:10:08.537  INFO 18080 --- [http-nio-8060-exec-1] com.zaxxer.hikari.HikariDataSource       : HikariPool-1 - Starting...
2020-02-23 15:10:08.995  INFO 18080 --- [http-nio-8060-exec-1] com.zaxxer.hikari.HikariDataSource       : HikariPool-1 - Start completed.
2020-02-23 15:10:09.006 DEBUG 18080 --- [http-nio-8060-exec-1] c.w.c.m.QuestionExtMapper.countBySearch  : ==>  Preparing: select count(*) from QUESTION 
2020-02-23 15:10:09.028 DEBUG 18080 --- [http-nio-8060-exec-1] c.w.c.m.QuestionExtMapper.countBySearch  : ==> Parameters: 
2020-02-23 15:10:09.053 DEBUG 18080 --- [http-nio-8060-exec-1] c.w.c.m.QuestionExtMapper.countBySearch  : <==      Total: 1
2020-02-23 15:10:09.061 DEBUG 18080 --- [http-nio-8060-exec-1] c.w.c.m.Q.selectBySearch                 : ==>  Preparing: select * from QUESTION order by gmt_create desc limit ?,? 
2020-02-23 15:10:09.064 DEBUG 18080 --- [http-nio-8060-exec-1] c.w.c.m.Q.selectBySearch                 : ==> Parameters: 0(Integer), 5(Integer)
2020-02-23 15:10:09.074 DEBUG 18080 --- [http-nio-8060-exec-1] c.w.c.m.Q.selectBySearch                 : <==      Total: 5
2020-02-23 15:10:09.074 DEBUG 18080 --- [http-nio-8060-exec-1] c.w.c.m.UserMapper.selectByPrimaryKey    : ==>  Preparing: select ID, ACCOUNT_ID, NAME, TOKEN, GMT_CREATE, GMT_MODIFIED, BIO, AVATAR_URL from USER where ID = ? 
2020-02-23 15:10:09.076 DEBUG 18080 --- [http-nio-8060-exec-1] c.w.c.m.UserMapper.selectByPrimaryKey    : ==> Parameters: 1(Long)
2020-02-23 15:10:09.077 DEBUG 18080 --- [http-nio-8060-exec-1] c.w.c.m.UserMapper.selectByPrimaryKey    : <==      Total: 1
2020-02-23 15:10:09.084 DEBUG 18080 --- [http-nio-8060-exec-1] c.w.c.m.UserMapper.selectByPrimaryKey    : ==>  Preparing: select ID, ACCOUNT_ID, NAME, TOKEN, GMT_CREATE, GMT_MODIFIED, BIO, AVATAR_URL from USER where ID = ? 
2020-02-23 15:10:09.085 DEBUG 18080 --- [http-nio-8060-exec-1] c.w.c.m.UserMapper.selectByPrimaryKey    : ==> Parameters: 1(Long)
2020-02-23 15:10:09.086 DEBUG 18080 --- [http-nio-8060-exec-1] c.w.c.m.UserMapper.selectByPrimaryKey    : <==      Total: 1
2020-02-23 15:10:09.087 DEBUG 18080 --- [http-nio-8060-exec-1] c.w.c.m.UserMapper.selectByPrimaryKey    : ==>  Preparing: select ID, ACCOUNT_ID, NAME, TOKEN, GMT_CREATE, GMT_MODIFIED, BIO, AVATAR_URL from USER where ID = ? 
2020-02-23 15:10:09.088 DEBUG 18080 --- [http-nio-8060-exec-1] c.w.c.m.UserMapper.selectByPrimaryKey    : ==> Parameters: 1(Long)
2020-02-23 15:10:09.089 DEBUG 18080 --- [http-nio-8060-exec-1] c.w.c.m.UserMapper.selectByPrimaryKey    : <==      Total: 1
2020-02-23 15:10:09.090 DEBUG 18080 --- [http-nio-8060-exec-1] c.w.c.m.UserMapper.selectByPrimaryKey    : ==>  Preparing: select ID, ACCOUNT_ID, NAME, TOKEN, GMT_CREATE, GMT_MODIFIED, BIO, AVATAR_URL from USER where ID = ? 
2020-02-23 15:10:09.090 DEBUG 18080 --- [http-nio-8060-exec-1] c.w.c.m.UserMapper.selectByPrimaryKey    : ==> Parameters: 1(Long)
2020-02-23 15:10:09.092 DEBUG 18080 --- [http-nio-8060-exec-1] c.w.c.m.UserMapper.selectByPrimaryKey    : <==      Total: 1
2020-02-23 15:10:09.092 DEBUG 18080 --- [http-nio-8060-exec-1] c.w.c.m.UserMapper.selectByPrimaryKey    : ==>  Preparing: select ID, ACCOUNT_ID, NAME, TOKEN, GMT_CREATE, GMT_MODIFIED, BIO, AVATAR_URL from USER where ID = ? 
2020-02-23 15:10:09.093 DEBUG 18080 --- [http-nio-8060-exec-1] c.w.c.m.UserMapper.selectByPrimaryKey    : ==> Parameters: 1(Long)
2020-02-23 15:10:09.093 DEBUG 18080 --- [http-nio-8060-exec-1] c.w.c.m.UserMapper.selectByPrimaryKey    : <==      Total: 1
2020-02-23 15:10:21.451 DEBUG 18080 --- [http-nio-8060-exec-9] c.w.c.mapper.UserMapper.selectByExample  : ==>  Preparing: select ID, ACCOUNT_ID, NAME, TOKEN, GMT_CREATE, GMT_MODIFIED, BIO, AVATAR_URL from USER WHERE ( ACCOUNT_ID = ? ) 
2020-02-23 15:10:21.452 DEBUG 18080 --- [http-nio-8060-exec-9] c.w.c.mapper.UserMapper.selectByExample  : ==> Parameters: 57756969(String)
2020-02-23 15:10:21.453 DEBUG 18080 --- [http-nio-8060-exec-9] c.w.c.mapper.UserMapper.selectByExample  : <==      Total: 1
2020-02-23 15:10:21.457 DEBUG 18080 --- [http-nio-8060-exec-9] c.w.c.m.U.updateByExampleSelective       : ==>  Preparing: update USER SET NAME = ?, TOKEN = ?, GMT_MODIFIED = ?, AVATAR_URL = ? WHERE ( ID = ? ) 
2020-02-23 15:10:21.458 DEBUG 18080 --- [http-nio-8060-exec-9] c.w.c.m.U.updateByExampleSelective       : ==> Parameters: 一叶(String), 509e3482-db04-4e64-8564-a1665f8064fc(String), 1582441821453(Long), https://avatars1.githubusercontent.com/u/57756969?v=4(String), 1(Long)
2020-02-23 15:10:21.462 DEBUG 18080 --- [http-nio-8060-exec-9] c.w.c.m.U.updateByExampleSelective       : <==    Updates: 1
2020-02-23 15:10:21.476 DEBUG 18080 --- [http-nio-8060-exec-10] c.w.c.mapper.UserMapper.selectByExample  : ==>  Preparing: select ID, ACCOUNT_ID, NAME, TOKEN, GMT_CREATE, GMT_MODIFIED, BIO, AVATAR_URL from USER WHERE ( TOKEN = ? ) 
2020-02-23 15:10:21.477 DEBUG 18080 --- [http-nio-8060-exec-10] c.w.c.mapper.UserMapper.selectByExample  : ==> Parameters: 509e3482-db04-4e64-8564-a1665f8064fc(String)
2020-02-23 15:10:21.477 DEBUG 18080 --- [http-nio-8060-exec-10] c.w.c.mapper.UserMapper.selectByExample  : <==      Total: 1
2020-02-23 15:10:22.259  WARN 18080 --- [http-nio-8060-exec-10] o.a.c.util.SessionIdGeneratorBase        : Creation of SecureRandom instance for session ID generation using [SHA1PRNG] took [777] milliseconds.
2020-02-23 15:10:22.264 DEBUG 18080 --- [http-nio-8060-exec-10] c.w.c.m.N.countByExample                 : ==>  Preparing: select count(*) from NOTIFICATION WHERE ( RECEIVER = ? and STATUS = ? ) 
2020-02-23 15:10:22.265 DEBUG 18080 --- [http-nio-8060-exec-10] c.w.c.m.N.countByExample                 : ==> Parameters: 1(Long), 0(Integer)
2020-02-23 15:10:22.268 DEBUG 18080 --- [http-nio-8060-exec-10] c.w.c.m.N.countByExample                 : <==      Total: 1
2020-02-23 15:10:22.269 DEBUG 18080 --- [http-nio-8060-exec-10] c.w.c.m.QuestionExtMapper.countBySearch  : ==>  Preparing: select count(*) from QUESTION 
2020-02-23 15:10:22.269 DEBUG 18080 --- [http-nio-8060-exec-10] c.w.c.m.QuestionExtMapper.countBySearch  : ==> Parameters: 
2020-02-23 15:10:22.269 DEBUG 18080 --- [http-nio-8060-exec-10] c.w.c.m.QuestionExtMapper.countBySearch  : <==      Total: 1
2020-02-23 15:10:22.270 DEBUG 18080 --- [http-nio-8060-exec-10] c.w.c.m.Q.selectBySearch                 : ==>  Preparing: select * from QUESTION order by gmt_create desc limit ?,? 
2020-02-23 15:10:22.270 DEBUG 18080 --- [http-nio-8060-exec-10] c.w.c.m.Q.selectBySearch                 : ==> Parameters: 0(Integer), 5(Integer)
2020-02-23 15:10:22.273 DEBUG 18080 --- [http-nio-8060-exec-10] c.w.c.m.Q.selectBySearch                 : <==      Total: 5
2020-02-23 15:10:22.273 DEBUG 18080 --- [http-nio-8060-exec-10] c.w.c.m.UserMapper.selectByPrimaryKey    : ==>  Preparing: select ID, ACCOUNT_ID, NAME, TOKEN, GMT_CREATE, GMT_MODIFIED, BIO, AVATAR_URL from USER where ID = ? 
2020-02-23 15:10:22.274 DEBUG 18080 --- [http-nio-8060-exec-10] c.w.c.m.UserMapper.selectByPrimaryKey    : ==> Parameters: 1(Long)
2020-02-23 15:10:22.275 DEBUG 18080 --- [http-nio-8060-exec-10] c.w.c.m.UserMapper.selectByPrimaryKey    : <==      Total: 1
2020-02-23 15:10:22.276 DEBUG 18080 --- [http-nio-8060-exec-10] c.w.c.m.UserMapper.selectByPrimaryKey    : ==>  Preparing: select ID, ACCOUNT_ID, NAME, TOKEN, GMT_CREATE, GMT_MODIFIED, BIO, AVATAR_URL from USER where ID = ? 
2020-02-23 15:10:22.276 DEBUG 18080 --- [http-nio-8060-exec-10] c.w.c.m.UserMapper.selectByPrimaryKey    : ==> Parameters: 1(Long)
2020-02-23 15:10:22.276 DEBUG 18080 --- [http-nio-8060-exec-10] c.w.c.m.UserMapper.selectByPrimaryKey    : <==      Total: 1
2020-02-23 15:10:22.276 DEBUG 18080 --- [http-nio-8060-exec-10] c.w.c.m.UserMapper.selectByPrimaryKey    : ==>  Preparing: select ID, ACCOUNT_ID, NAME, TOKEN, GMT_CREATE, GMT_MODIFIED, BIO, AVATAR_URL from USER where ID = ? 
2020-02-23 15:10:22.277 DEBUG 18080 --- [http-nio-8060-exec-10] c.w.c.m.UserMapper.selectByPrimaryKey    : ==> Parameters: 1(Long)
2020-02-23 15:10:22.284 DEBUG 18080 --- [http-nio-8060-exec-10] c.w.c.m.UserMapper.selectByPrimaryKey    : <==      Total: 1
2020-02-23 15:10:22.285 DEBUG 18080 --- [http-nio-8060-exec-10] c.w.c.m.UserMapper.selectByPrimaryKey    : ==>  Preparing: select ID, ACCOUNT_ID, NAME, TOKEN, GMT_CREATE, GMT_MODIFIED, BIO, AVATAR_URL from USER where ID = ? 
2020-02-23 15:10:22.285 DEBUG 18080 --- [http-nio-8060-exec-10] c.w.c.m.UserMapper.selectByPrimaryKey    : ==> Parameters: 1(Long)
2020-02-23 15:10:22.286 DEBUG 18080 --- [http-nio-8060-exec-10] c.w.c.m.UserMapper.selectByPrimaryKey    : <==      Total: 1
2020-02-23 15:10:22.288 DEBUG 18080 --- [http-nio-8060-exec-10] c.w.c.m.UserMapper.selectByPrimaryKey    : ==>  Preparing: select ID, ACCOUNT_ID, NAME, TOKEN, GMT_CREATE, GMT_MODIFIED, BIO, AVATAR_URL from USER where ID = ? 
2020-02-23 15:10:22.288 DEBUG 18080 --- [http-nio-8060-exec-10] c.w.c.m.UserMapper.selectByPrimaryKey    : ==> Parameters: 1(Long)
2020-02-23 15:10:22.288 DEBUG 18080 --- [http-nio-8060-exec-10] c.w.c.m.UserMapper.selectByPrimaryKey    : <==      Total: 1
2020-02-23 15:10:25.185 DEBUG 18080 --- [http-nio-8060-exec-1] c.w.c.mapper.UserMapper.selectByExample  : ==>  Preparing: select ID, ACCOUNT_ID, NAME, TOKEN, GMT_CREATE, GMT_MODIFIED, BIO, AVATAR_URL from USER WHERE ( TOKEN = ? ) 
2020-02-23 15:10:25.185 DEBUG 18080 --- [http-nio-8060-exec-1] c.w.c.mapper.UserMapper.selectByExample  : ==> Parameters: 509e3482-db04-4e64-8564-a1665f8064fc(String)
2020-02-23 15:10:25.186 DEBUG 18080 --- [http-nio-8060-exec-1] c.w.c.mapper.UserMapper.selectByExample  : <==      Total: 1
2020-02-23 15:10:25.188 DEBUG 18080 --- [http-nio-8060-exec-1] c.w.c.m.N.countByExample                 : ==>  Preparing: select count(*) from NOTIFICATION WHERE ( RECEIVER = ? and STATUS = ? ) 
2020-02-23 15:10:25.188 DEBUG 18080 --- [http-nio-8060-exec-1] c.w.c.m.N.countByExample                 : ==> Parameters: 1(Long), 0(Integer)
2020-02-23 15:10:25.189 DEBUG 18080 --- [http-nio-8060-exec-1] c.w.c.m.N.countByExample                 : <==      Total: 1
2020-02-23 15:10:25.694 DEBUG 18080 --- [http-nio-8060-exec-3] c.w.c.mapper.UserMapper.selectByExample  : ==>  Preparing: select ID, ACCOUNT_ID, NAME, TOKEN, GMT_CREATE, GMT_MODIFIED, BIO, AVATAR_URL from USER WHERE ( TOKEN = ? ) 
2020-02-23 15:10:25.695 DEBUG 18080 --- [http-nio-8060-exec-3] c.w.c.mapper.UserMapper.selectByExample  : ==> Parameters: 509e3482-db04-4e64-8564-a1665f8064fc(String)
2020-02-23 15:10:25.696 DEBUG 18080 --- [http-nio-8060-exec-3] c.w.c.mapper.UserMapper.selectByExample  : <==      Total: 1
2020-02-23 15:10:25.699 DEBUG 18080 --- [http-nio-8060-exec-3] c.w.c.m.N.countByExample                 : ==>  Preparing: select count(*) from NOTIFICATION WHERE ( RECEIVER = ? and STATUS = ? ) 
2020-02-23 15:10:25.700 DEBUG 18080 --- [http-nio-8060-exec-3] c.w.c.m.N.countByExample                 : ==> Parameters: 1(Long), 0(Integer)
2020-02-23 15:10:25.700 DEBUG 18080 --- [http-nio-8060-exec-3] c.w.c.m.N.countByExample                 : <==      Total: 1
2020-02-23 15:10:25.783 DEBUG 18080 --- [http-nio-8060-exec-4] c.w.c.mapper.UserMapper.selectByExample  : ==>  Preparing: select ID, ACCOUNT_ID, NAME, TOKEN, GMT_CREATE, GMT_MODIFIED, BIO, AVATAR_URL from USER WHERE ( TOKEN = ? ) 
2020-02-23 15:10:25.783 DEBUG 18080 --- [http-nio-8060-exec-4] c.w.c.mapper.UserMapper.selectByExample  : ==> Parameters: 509e3482-db04-4e64-8564-a1665f8064fc(String)
2020-02-23 15:10:25.784 DEBUG 18080 --- [http-nio-8060-exec-4] c.w.c.mapper.UserMapper.selectByExample  : <==      Total: 1
2020-02-23 15:10:25.787 DEBUG 18080 --- [http-nio-8060-exec-6] c.w.c.mapper.UserMapper.selectByExample  : ==>  Preparing: select ID, ACCOUNT_ID, NAME, TOKEN, GMT_CREATE, GMT_MODIFIED, BIO, AVATAR_URL from USER WHERE ( TOKEN = ? ) 
2020-02-23 15:10:25.787 DEBUG 18080 --- [http-nio-8060-exec-6] c.w.c.mapper.UserMapper.selectByExample  : ==> Parameters: 509e3482-db04-4e64-8564-a1665f8064fc(String)
2020-02-23 15:10:25.789 DEBUG 18080 --- [http-nio-8060-exec-4] c.w.c.m.N.countByExample                 : ==>  Preparing: select count(*) from NOTIFICATION WHERE ( RECEIVER = ? and STATUS = ? ) 
2020-02-23 15:10:25.790 DEBUG 18080 --- [http-nio-8060-exec-4] c.w.c.m.N.countByExample                 : ==> Parameters: 1(Long), 0(Integer)
2020-02-23 15:10:25.791 DEBUG 18080 --- [http-nio-8060-exec-6] c.w.c.mapper.UserMapper.selectByExample  : <==      Total: 1
2020-02-23 15:10:25.792 DEBUG 18080 --- [http-nio-8060-exec-4] c.w.c.m.N.countByExample                 : <==      Total: 1
2020-02-23 15:10:25.794 DEBUG 18080 --- [http-nio-8060-exec-6] c.w.c.m.N.countByExample                 : ==>  Preparing: select count(*) from NOTIFICATION WHERE ( RECEIVER = ? and STATUS = ? ) 
2020-02-23 15:10:25.796 DEBUG 18080 --- [http-nio-8060-exec-6] c.w.c.m.N.countByExample                 : ==> Parameters: 1(Long), 0(Integer)
2020-02-23 15:10:25.797 DEBUG 18080 --- [http-nio-8060-exec-6] c.w.c.m.N.countByExample                 : <==      Total: 1
2020-02-23 15:10:25.790 DEBUG 18080 --- [http-nio-8060-exec-5] c.w.c.mapper.UserMapper.selectByExample  : ==>  Preparing: select ID, ACCOUNT_ID, NAME, TOKEN, GMT_CREATE, GMT_MODIFIED, BIO, AVATAR_URL from USER WHERE ( TOKEN = ? ) 
2020-02-23 15:10:25.799 DEBUG 18080 --- [http-nio-8060-exec-5] c.w.c.mapper.UserMapper.selectByExample  : ==> Parameters: 509e3482-db04-4e64-8564-a1665f8064fc(String)
2020-02-23 15:10:25.800 DEBUG 18080 --- [http-nio-8060-exec-5] c.w.c.mapper.UserMapper.selectByExample  : <==      Total: 1
2020-02-23 15:10:25.801 DEBUG 18080 --- [http-nio-8060-exec-5] c.w.c.m.N.countByExample                 : ==>  Preparing: select count(*) from NOTIFICATION WHERE ( RECEIVER = ? and STATUS = ? ) 
2020-02-23 15:10:25.802 DEBUG 18080 --- [http-nio-8060-exec-5] c.w.c.m.N.countByExample                 : ==> Parameters: 1(Long), 0(Integer)
2020-02-23 15:10:25.802 DEBUG 18080 --- [http-nio-8060-exec-5] c.w.c.m.N.countByExample                 : <==      Total: 1
2020-02-23 15:10:25.985 DEBUG 18080 --- [http-nio-8060-exec-8] c.w.c.mapper.UserMapper.selectByExample  : ==>  Preparing: select ID, ACCOUNT_ID, NAME, TOKEN, GMT_CREATE, GMT_MODIFIED, BIO, AVATAR_URL from USER WHERE ( TOKEN = ? ) 
2020-02-23 15:10:25.986 DEBUG 18080 --- [http-nio-8060-exec-8] c.w.c.mapper.UserMapper.selectByExample  : ==> Parameters: 509e3482-db04-4e64-8564-a1665f8064fc(String)
2020-02-23 15:10:25.986 DEBUG 18080 --- [http-nio-8060-exec-2] c.w.c.mapper.UserMapper.selectByExample  : ==>  Preparing: select ID, ACCOUNT_ID, NAME, TOKEN, GMT_CREATE, GMT_MODIFIED, BIO, AVATAR_URL from USER WHERE ( TOKEN = ? ) 
2020-02-23 15:10:25.986 DEBUG 18080 --- [http-nio-8060-exec-8] c.w.c.mapper.UserMapper.selectByExample  : <==      Total: 1
2020-02-23 15:10:25.986 DEBUG 18080 --- [http-nio-8060-exec-2] c.w.c.mapper.UserMapper.selectByExample  : ==> Parameters: 509e3482-db04-4e64-8564-a1665f8064fc(String)
2020-02-23 15:10:25.988 DEBUG 18080 --- [http-nio-8060-exec-8] c.w.c.m.N.countByExample                 : ==>  Preparing: select count(*) from NOTIFICATION WHERE ( RECEIVER = ? and STATUS = ? ) 
2020-02-23 15:10:25.988 DEBUG 18080 --- [http-nio-8060-exec-8] c.w.c.m.N.countByExample                 : ==> Parameters: 1(Long), 0(Integer)
2020-02-23 15:10:25.990 DEBUG 18080 --- [http-nio-8060-exec-2] c.w.c.mapper.UserMapper.selectByExample  : <==      Total: 1
2020-02-23 15:10:25.991 DEBUG 18080 --- [http-nio-8060-exec-8] c.w.c.m.N.countByExample                 : <==      Total: 1
2020-02-23 15:10:25.993 DEBUG 18080 --- [http-nio-8060-exec-2] c.w.c.m.N.countByExample                 : ==>  Preparing: select count(*) from NOTIFICATION WHERE ( RECEIVER = ? and STATUS = ? ) 
2020-02-23 15:10:25.997 DEBUG 18080 --- [http-nio-8060-exec-2] c.w.c.m.N.countByExample                 : ==> Parameters: 1(Long), 0(Integer)
2020-02-23 15:10:25.997 DEBUG 18080 --- [http-nio-8060-exec-2] c.w.c.m.N.countByExample                 : <==      Total: 1
2020-02-23 15:10:26.000 DEBUG 18080 --- [http-nio-8060-exec-7] c.w.c.mapper.UserMapper.selectByExample  : ==>  Preparing: select ID, ACCOUNT_ID, NAME, TOKEN, GMT_CREATE, GMT_MODIFIED, BIO, AVATAR_URL from USER WHERE ( TOKEN = ? ) 
2020-02-23 15:10:26.000 DEBUG 18080 --- [http-nio-8060-exec-9] c.w.c.mapper.UserMapper.selectByExample  : ==>  Preparing: select ID, ACCOUNT_ID, NAME, TOKEN, GMT_CREATE, GMT_MODIFIED, BIO, AVATAR_URL from USER WHERE ( TOKEN = ? ) 
2020-02-23 15:10:26.000 DEBUG 18080 --- [http-nio-8060-exec-9] c.w.c.mapper.UserMapper.selectByExample  : ==> Parameters: 509e3482-db04-4e64-8564-a1665f8064fc(String)
2020-02-23 15:10:26.000 DEBUG 18080 --- [http-nio-8060-exec-7] c.w.c.mapper.UserMapper.selectByExample  : ==> Parameters: 509e3482-db04-4e64-8564-a1665f8064fc(String)
2020-02-23 15:10:26.001 DEBUG 18080 --- [http-nio-8060-exec-9] c.w.c.mapper.UserMapper.selectByExample  : <==      Total: 1
2020-02-23 15:10:26.001 DEBUG 18080 --- [http-nio-8060-exec-7] c.w.c.mapper.UserMapper.selectByExample  : <==      Total: 1
2020-02-23 15:10:26.001 DEBUG 18080 --- [http-nio-8060-exec-9] c.w.c.m.N.countByExample                 : ==>  Preparing: select count(*) from NOTIFICATION WHERE ( RECEIVER = ? and STATUS = ? ) 
2020-02-23 15:10:26.002 DEBUG 18080 --- [http-nio-8060-exec-9] c.w.c.m.N.countByExample                 : ==> Parameters: 1(Long), 0(Integer)
2020-02-23 15:10:26.002 DEBUG 18080 --- [http-nio-8060-exec-9] c.w.c.m.N.countByExample                 : <==      Total: 1
2020-02-23 15:10:26.003 DEBUG 18080 --- [http-nio-8060-exec-7] c.w.c.m.N.countByExample                 : ==>  Preparing: select count(*) from NOTIFICATION WHERE ( RECEIVER = ? and STATUS = ? ) 
2020-02-23 15:10:26.003 DEBUG 18080 --- [http-nio-8060-exec-7] c.w.c.m.N.countByExample                 : ==> Parameters: 1(Long), 0(Integer)
2020-02-23 15:10:26.004 DEBUG 18080 --- [http-nio-8060-exec-7] c.w.c.m.N.countByExample                 : <==      Total: 1
2020-02-23 15:10:26.004 DEBUG 18080 --- [http-nio-8060-exec-10] c.w.c.mapper.UserMapper.selectByExample  : ==>  Preparing: select ID, ACCOUNT_ID, NAME, TOKEN, GMT_CREATE, GMT_MODIFIED, BIO, AVATAR_URL from USER WHERE ( TOKEN = ? ) 
2020-02-23 15:10:26.004 DEBUG 18080 --- [http-nio-8060-exec-10] c.w.c.mapper.UserMapper.selectByExample  : ==> Parameters: 509e3482-db04-4e64-8564-a1665f8064fc(String)
2020-02-23 15:10:26.005 DEBUG 18080 --- [http-nio-8060-exec-10] c.w.c.mapper.UserMapper.selectByExample  : <==      Total: 1
2020-02-23 15:10:26.007 DEBUG 18080 --- [http-nio-8060-exec-10] c.w.c.m.N.countByExample                 : ==>  Preparing: select count(*) from NOTIFICATION WHERE ( RECEIVER = ? and STATUS = ? ) 
2020-02-23 15:10:26.007 DEBUG 18080 --- [http-nio-8060-exec-10] c.w.c.m.N.countByExample                 : ==> Parameters: 1(Long), 0(Integer)
2020-02-23 15:10:26.007 DEBUG 18080 --- [http-nio-8060-exec-10] c.w.c.m.N.countByExample                 : <==      Total: 1
2020-02-23 15:10:26.224 DEBUG 18080 --- [http-nio-8060-exec-1] c.w.c.mapper.UserMapper.selectByExample  : ==>  Preparing: select ID, ACCOUNT_ID, NAME, TOKEN, GMT_CREATE, GMT_MODIFIED, BIO, AVATAR_URL from USER WHERE ( TOKEN = ? ) 
2020-02-23 15:10:26.224 DEBUG 18080 --- [http-nio-8060-exec-1] c.w.c.mapper.UserMapper.selectByExample  : ==> Parameters: 509e3482-db04-4e64-8564-a1665f8064fc(String)
2020-02-23 15:10:26.226 DEBUG 18080 --- [http-nio-8060-exec-1] c.w.c.mapper.UserMapper.selectByExample  : <==      Total: 1
2020-02-23 15:10:26.227 DEBUG 18080 --- [http-nio-8060-exec-1] c.w.c.m.N.countByExample                 : ==>  Preparing: select count(*) from NOTIFICATION WHERE ( RECEIVER = ? and STATUS = ? ) 
2020-02-23 15:10:26.228 DEBUG 18080 --- [http-nio-8060-exec-1] c.w.c.m.N.countByExample                 : ==> Parameters: 1(Long), 0(Integer)
2020-02-23 15:10:26.229 DEBUG 18080 --- [http-nio-8060-exec-1] c.w.c.m.N.countByExample                 : <==      Total: 1
2020-02-23 15:10:26.340 DEBUG 18080 --- [http-nio-8060-exec-3] c.w.c.mapper.UserMapper.selectByExample  : ==>  Preparing: select ID, ACCOUNT_ID, NAME, TOKEN, GMT_CREATE, GMT_MODIFIED, BIO, AVATAR_URL from USER WHERE ( TOKEN = ? ) 
2020-02-23 15:10:26.340 DEBUG 18080 --- [http-nio-8060-exec-3] c.w.c.mapper.UserMapper.selectByExample  : ==> Parameters: 509e3482-db04-4e64-8564-a1665f8064fc(String)
2020-02-23 15:10:26.341 DEBUG 18080 --- [http-nio-8060-exec-3] c.w.c.mapper.UserMapper.selectByExample  : <==      Total: 1
2020-02-23 15:10:26.343 DEBUG 18080 --- [http-nio-8060-exec-3] c.w.c.m.N.countByExample                 : ==>  Preparing: select count(*) from NOTIFICATION WHERE ( RECEIVER = ? and STATUS = ? ) 
2020-02-23 15:10:26.343 DEBUG 18080 --- [http-nio-8060-exec-3] c.w.c.m.N.countByExample                 : ==> Parameters: 1(Long), 0(Integer)
2020-02-23 15:10:26.344 DEBUG 18080 --- [http-nio-8060-exec-3] c.w.c.m.N.countByExample                 : <==      Total: 1
2020-02-23 15:10:26.517 DEBUG 18080 --- [http-nio-8060-exec-6] c.w.c.mapper.UserMapper.selectByExample  : ==>  Preparing: select ID, ACCOUNT_ID, NAME, TOKEN, GMT_CREATE, GMT_MODIFIED, BIO, AVATAR_URL from USER WHERE ( TOKEN = ? ) 
2020-02-23 15:10:26.518 DEBUG 18080 --- [http-nio-8060-exec-6] c.w.c.mapper.UserMapper.selectByExample  : ==> Parameters: 509e3482-db04-4e64-8564-a1665f8064fc(String)
2020-02-23 15:10:26.518 DEBUG 18080 --- [http-nio-8060-exec-6] c.w.c.mapper.UserMapper.selectByExample  : <==      Total: 1
2020-02-23 15:10:26.519 DEBUG 18080 --- [http-nio-8060-exec-6] c.w.c.m.N.countByExample                 : ==>  Preparing: select count(*) from NOTIFICATION WHERE ( RECEIVER = ? and STATUS = ? ) 
2020-02-23 15:10:26.519 DEBUG 18080 --- [http-nio-8060-exec-6] c.w.c.m.N.countByExample                 : ==> Parameters: 1(Long), 0(Integer)
2020-02-23 15:10:26.519 DEBUG 18080 --- [http-nio-8060-exec-6] c.w.c.m.N.countByExample                 : <==      Total: 1
2020-02-23 15:10:26.558 DEBUG 18080 --- [http-nio-8060-exec-4] c.w.c.mapper.UserMapper.selectByExample  : ==>  Preparing: select ID, ACCOUNT_ID, NAME, TOKEN, GMT_CREATE, GMT_MODIFIED, BIO, AVATAR_URL from USER WHERE ( TOKEN = ? ) 
2020-02-23 15:10:26.558 DEBUG 18080 --- [http-nio-8060-exec-4] c.w.c.mapper.UserMapper.selectByExample  : ==> Parameters: 509e3482-db04-4e64-8564-a1665f8064fc(String)
2020-02-23 15:10:26.558 DEBUG 18080 --- [http-nio-8060-exec-4] c.w.c.mapper.UserMapper.selectByExample  : <==      Total: 1
2020-02-23 15:10:26.559 DEBUG 18080 --- [http-nio-8060-exec-4] c.w.c.m.N.countByExample                 : ==>  Preparing: select count(*) from NOTIFICATION WHERE ( RECEIVER = ? and STATUS = ? ) 
2020-02-23 15:10:26.559 DEBUG 18080 --- [http-nio-8060-exec-4] c.w.c.m.N.countByExample                 : ==> Parameters: 1(Long), 0(Integer)
2020-02-23 15:10:26.559 DEBUG 18080 --- [http-nio-8060-exec-4] c.w.c.m.N.countByExample                 : <==      Total: 1
2020-02-23 15:10:26.577 DEBUG 18080 --- [http-nio-8060-exec-5] c.w.c.mapper.UserMapper.selectByExample  : ==>  Preparing: select ID, ACCOUNT_ID, NAME, TOKEN, GMT_CREATE, GMT_MODIFIED, BIO, AVATAR_URL from USER WHERE ( TOKEN = ? ) 
2020-02-23 15:10:26.577 DEBUG 18080 --- [http-nio-8060-exec-5] c.w.c.mapper.UserMapper.selectByExample  : ==> Parameters: 509e3482-db04-4e64-8564-a1665f8064fc(String)
2020-02-23 15:10:26.577 DEBUG 18080 --- [http-nio-8060-exec-5] c.w.c.mapper.UserMapper.selectByExample  : <==      Total: 1
2020-02-23 15:10:26.581 DEBUG 18080 --- [http-nio-8060-exec-5] c.w.c.m.N.countByExample                 : ==>  Preparing: select count(*) from NOTIFICATION WHERE ( RECEIVER = ? and STATUS = ? ) 
2020-02-23 15:10:26.582 DEBUG 18080 --- [http-nio-8060-exec-5] c.w.c.m.N.countByExample                 : ==> Parameters: 1(Long), 0(Integer)
2020-02-23 15:10:26.582 DEBUG 18080 --- [http-nio-8060-exec-5] c.w.c.m.N.countByExample                 : <==      Total: 1
2020-02-23 15:10:31.601 DEBUG 18080 --- [http-nio-8060-exec-10] c.w.c.mapper.UserMapper.selectByExample  : ==>  Preparing: select ID, ACCOUNT_ID, NAME, TOKEN, GMT_CREATE, GMT_MODIFIED, BIO, AVATAR_URL from USER WHERE ( TOKEN = ? ) 
2020-02-23 15:10:31.602 DEBUG 18080 --- [http-nio-8060-exec-10] c.w.c.mapper.UserMapper.selectByExample  : ==> Parameters: 509e3482-db04-4e64-8564-a1665f8064fc(String)
2020-02-23 15:10:31.604 DEBUG 18080 --- [http-nio-8060-exec-10] c.w.c.mapper.UserMapper.selectByExample  : <==      Total: 1
2020-02-23 15:10:31.606 DEBUG 18080 --- [http-nio-8060-exec-10] c.w.c.m.N.countByExample                 : ==>  Preparing: select count(*) from NOTIFICATION WHERE ( RECEIVER = ? and STATUS = ? ) 
2020-02-23 15:10:31.606 DEBUG 18080 --- [http-nio-8060-exec-10] c.w.c.m.N.countByExample                 : ==> Parameters: 1(Long), 0(Integer)
2020-02-23 15:10:31.607 DEBUG 18080 --- [http-nio-8060-exec-10] c.w.c.m.N.countByExample                 : <==      Total: 1
2020-02-23 15:10:31.613 DEBUG 18080 --- [http-nio-8060-exec-10] c.w.c.m.N.countByExample                 : ==>  Preparing: select count(*) from NOTIFICATION WHERE ( RECEIVER = ? ) 
2020-02-23 15:10:31.613 DEBUG 18080 --- [http-nio-8060-exec-10] c.w.c.m.N.countByExample                 : ==> Parameters: 1(Long)
2020-02-23 15:10:31.614 DEBUG 18080 --- [http-nio-8060-exec-10] c.w.c.m.N.countByExample                 : <==      Total: 1
2020-02-23 15:10:31.615 DEBUG 18080 --- [http-nio-8060-exec-10] c.w.c.m.N.selectByExampleWithRowbounds   : ==>  Preparing: select ID, NOTIFIER, RECEIVER, OUTER_ID, TYPE, GMT_CREATE, STATUS, NOTIFIER_NAME, OUTER_TITLE from NOTIFICATION WHERE ( RECEIVER = ? ) order by gmt_create desc 
2020-02-23 15:10:31.616 DEBUG 18080 --- [http-nio-8060-exec-10] c.w.c.m.N.selectByExampleWithRowbounds   : ==> Parameters: 1(Long)
2020-02-23 15:10:34.871 DEBUG 18080 --- [http-nio-8060-exec-2] c.w.c.mapper.UserMapper.selectByExample  : ==>  Preparing: select ID, ACCOUNT_ID, NAME, TOKEN, GMT_CREATE, GMT_MODIFIED, BIO, AVATAR_URL from USER WHERE ( TOKEN = ? ) 
2020-02-23 15:10:34.871 DEBUG 18080 --- [http-nio-8060-exec-2] c.w.c.mapper.UserMapper.selectByExample  : ==> Parameters: 509e3482-db04-4e64-8564-a1665f8064fc(String)
2020-02-23 15:10:34.872 DEBUG 18080 --- [http-nio-8060-exec-2] c.w.c.mapper.UserMapper.selectByExample  : <==      Total: 1
2020-02-23 15:10:34.872 DEBUG 18080 --- [http-nio-8060-exec-2] c.w.c.m.N.countByExample                 : ==>  Preparing: select count(*) from NOTIFICATION WHERE ( RECEIVER = ? and STATUS = ? ) 
2020-02-23 15:10:34.872 DEBUG 18080 --- [http-nio-8060-exec-2] c.w.c.m.N.countByExample                 : ==> Parameters: 1(Long), 0(Integer)
2020-02-23 15:10:34.873 DEBUG 18080 --- [http-nio-8060-exec-2] c.w.c.m.N.countByExample                 : <==      Total: 1
2020-02-23 15:10:34.873 DEBUG 18080 --- [http-nio-8060-exec-2] c.w.c.m.QuestionExtMapper.countBySearch  : ==>  Preparing: select count(*) from QUESTION 
2020-02-23 15:10:34.873 DEBUG 18080 --- [http-nio-8060-exec-2] c.w.c.m.QuestionExtMapper.countBySearch  : ==> Parameters: 
2020-02-23 15:10:34.873 DEBUG 18080 --- [http-nio-8060-exec-2] c.w.c.m.QuestionExtMapper.countBySearch  : <==      Total: 1
2020-02-23 15:10:34.874 DEBUG 18080 --- [http-nio-8060-exec-2] c.w.c.m.Q.selectBySearch                 : ==>  Preparing: select * from QUESTION order by gmt_create desc limit ?,? 
2020-02-23 15:10:34.874 DEBUG 18080 --- [http-nio-8060-exec-2] c.w.c.m.Q.selectBySearch                 : ==> Parameters: 0(Integer), 5(Integer)
2020-02-23 15:10:34.875 DEBUG 18080 --- [http-nio-8060-exec-2] c.w.c.m.Q.selectBySearch                 : <==      Total: 5
2020-02-23 15:10:34.876 DEBUG 18080 --- [http-nio-8060-exec-2] c.w.c.m.UserMapper.selectByPrimaryKey    : ==>  Preparing: select ID, ACCOUNT_ID, NAME, TOKEN, GMT_CREATE, GMT_MODIFIED, BIO, AVATAR_URL from USER where ID = ? 
2020-02-23 15:10:34.876 DEBUG 18080 --- [http-nio-8060-exec-2] c.w.c.m.UserMapper.selectByPrimaryKey    : ==> Parameters: 1(Long)
2020-02-23 15:10:34.877 DEBUG 18080 --- [http-nio-8060-exec-2] c.w.c.m.UserMapper.selectByPrimaryKey    : <==      Total: 1
2020-02-23 15:10:34.877 DEBUG 18080 --- [http-nio-8060-exec-2] c.w.c.m.UserMapper.selectByPrimaryKey    : ==>  Preparing: select ID, ACCOUNT_ID, NAME, TOKEN, GMT_CREATE, GMT_MODIFIED, BIO, AVATAR_URL from USER where ID = ? 
2020-02-23 15:10:34.877 DEBUG 18080 --- [http-nio-8060-exec-2] c.w.c.m.UserMapper.selectByPrimaryKey    : ==> Parameters: 1(Long)
2020-02-23 15:10:34.878 DEBUG 18080 --- [http-nio-8060-exec-2] c.w.c.m.UserMapper.selectByPrimaryKey    : <==      Total: 1
2020-02-23 15:10:34.878 DEBUG 18080 --- [http-nio-8060-exec-2] c.w.c.m.UserMapper.selectByPrimaryKey    : ==>  Preparing: select ID, ACCOUNT_ID, NAME, TOKEN, GMT_CREATE, GMT_MODIFIED, BIO, AVATAR_URL from USER where ID = ? 
2020-02-23 15:10:34.880 DEBUG 18080 --- [http-nio-8060-exec-2] c.w.c.m.UserMapper.selectByPrimaryKey    : ==> Parameters: 1(Long)
2020-02-23 15:10:34.883 DEBUG 18080 --- [http-nio-8060-exec-2] c.w.c.m.UserMapper.selectByPrimaryKey    : <==      Total: 1
2020-02-23 15:10:34.884 DEBUG 18080 --- [http-nio-8060-exec-2] c.w.c.m.UserMapper.selectByPrimaryKey    : ==>  Preparing: select ID, ACCOUNT_ID, NAME, TOKEN, GMT_CREATE, GMT_MODIFIED, BIO, AVATAR_URL from USER where ID = ? 
2020-02-23 15:10:34.884 DEBUG 18080 --- [http-nio-8060-exec-2] c.w.c.m.UserMapper.selectByPrimaryKey    : ==> Parameters: 1(Long)
2020-02-23 15:10:34.885 DEBUG 18080 --- [http-nio-8060-exec-2] c.w.c.m.UserMapper.selectByPrimaryKey    : <==      Total: 1
2020-02-23 15:10:34.885 DEBUG 18080 --- [http-nio-8060-exec-2] c.w.c.m.UserMapper.selectByPrimaryKey    : ==>  Preparing: select ID, ACCOUNT_ID, NAME, TOKEN, GMT_CREATE, GMT_MODIFIED, BIO, AVATAR_URL from USER where ID = ? 
2020-02-23 15:10:34.885 DEBUG 18080 --- [http-nio-8060-exec-2] c.w.c.m.UserMapper.selectByPrimaryKey    : ==> Parameters: 1(Long)
2020-02-23 15:10:34.885 DEBUG 18080 --- [http-nio-8060-exec-2] c.w.c.m.UserMapper.selectByPrimaryKey    : <==      Total: 1
2020-02-23 15:10:37.184 DEBUG 18080 --- [http-nio-8060-exec-8] c.w.c.mapper.UserMapper.selectByExample  : ==>  Preparing: select ID, ACCOUNT_ID, NAME, TOKEN, GMT_CREATE, GMT_MODIFIED, BIO, AVATAR_URL from USER WHERE ( TOKEN = ? ) 
2020-02-23 15:10:37.185 DEBUG 18080 --- [http-nio-8060-exec-8] c.w.c.mapper.UserMapper.selectByExample  : ==> Parameters: 509e3482-db04-4e64-8564-a1665f8064fc(String)
2020-02-23 15:10:37.185 DEBUG 18080 --- [http-nio-8060-exec-8] c.w.c.mapper.UserMapper.selectByExample  : <==      Total: 1
2020-02-23 15:10:37.186 DEBUG 18080 --- [http-nio-8060-exec-8] c.w.c.m.N.countByExample                 : ==>  Preparing: select count(*) from NOTIFICATION WHERE ( RECEIVER = ? and STATUS = ? ) 
2020-02-23 15:10:37.186 DEBUG 18080 --- [http-nio-8060-exec-8] c.w.c.m.N.countByExample                 : ==> Parameters: 1(Long), 0(Integer)
2020-02-23 15:10:37.187 DEBUG 18080 --- [http-nio-8060-exec-8] c.w.c.m.N.countByExample                 : <==      Total: 1
2020-02-23 15:10:37.188 DEBUG 18080 --- [http-nio-8060-exec-8] c.w.c.m.Q.selectByPrimaryKey             : ==>  Preparing: select ID, TITLE, GMT_CREATE, GMT_MODIFIED, CREATOR, COMMENT_COUNT, VIEW_COUNT, LIKE_COUNT, TAG , DESCRIPTION from QUESTION where ID = ? 
2020-02-23 15:10:37.188 DEBUG 18080 --- [http-nio-8060-exec-8] c.w.c.m.Q.selectByPrimaryKey             : ==> Parameters: 291(Long)
2020-02-23 15:10:37.191 DEBUG 18080 --- [http-nio-8060-exec-8] c.w.c.m.Q.selectByPrimaryKey             : <==      Total: 1
2020-02-23 15:10:37.197 DEBUG 18080 --- [http-nio-8060-exec-8] c.w.c.m.UserMapper.selectByPrimaryKey    : ==>  Preparing: select ID, ACCOUNT_ID, NAME, TOKEN, GMT_CREATE, GMT_MODIFIED, BIO, AVATAR_URL from USER where ID = ? 
2020-02-23 15:10:37.198 DEBUG 18080 --- [http-nio-8060-exec-8] c.w.c.m.UserMapper.selectByPrimaryKey    : ==> Parameters: 1(Long)
2020-02-23 15:10:37.199 DEBUG 18080 --- [http-nio-8060-exec-8] c.w.c.m.UserMapper.selectByPrimaryKey    : <==      Total: 1
2020-02-23 15:10:37.200 DEBUG 18080 --- [http-nio-8060-exec-8] c.w.c.m.QuestionExtMapper.selectRelated  : ==>  Preparing: select * from QUESTION where id !=? and tag regexp ? 
2020-02-23 15:10:37.202 DEBUG 18080 --- [http-nio-8060-exec-8] c.w.c.m.QuestionExtMapper.selectRelated  : ==> Parameters: 291(Long), spring(String)
2020-02-23 15:10:37.203 DEBUG 18080 --- [http-nio-8060-exec-8] c.w.c.m.QuestionExtMapper.selectRelated  : <==      Total: 3
2020-02-23 15:10:37.213 DEBUG 18080 --- [http-nio-8060-exec-8] c.w.c.m.CommentMapper.selectByExample    : ==>  Preparing: select ID, PARENT_ID, TYPE, COMMENTATOR, GMT_CREATE, GMT_MODIFIED, LIKE_COUNT, CONTENT, COMMENT_COUNT from COMMENT WHERE ( PARENT_ID = ? and TYPE = ? ) order by gmt_create desc 
2020-02-23 15:10:37.214 DEBUG 18080 --- [http-nio-8060-exec-8] c.w.c.m.CommentMapper.selectByExample    : ==> Parameters: 291(Long), 1(Integer)
2020-02-23 15:10:37.214 DEBUG 18080 --- [http-nio-8060-exec-8] c.w.c.m.CommentMapper.selectByExample    : <==      Total: 0
2020-02-23 15:10:37.215 DEBUG 18080 --- [http-nio-8060-exec-8] c.w.c.mapper.QuestionExtMapper.incView   : ==>  Preparing: update QUESTION set VIEW_COUNT = VIEW_COUNT + ? where id=? 
2020-02-23 15:10:37.286 DEBUG 18080 --- [http-nio-8060-exec-8] c.w.c.mapper.QuestionExtMapper.incView   : ==> Parameters: 1(Integer), 291(Long)
2020-02-23 15:10:37.287 DEBUG 18080 --- [http-nio-8060-exec-8] c.w.c.mapper.QuestionExtMapper.incView   : <==    Updates: 1
2020-02-23 15:10:37.325 DEBUG 18080 --- [http-nio-8060-exec-9] c.w.c.mapper.UserMapper.selectByExample  : ==>  Preparing: select ID, ACCOUNT_ID, NAME, TOKEN, GMT_CREATE, GMT_MODIFIED, BIO, AVATAR_URL from USER WHERE ( TOKEN = ? ) 
2020-02-23 15:10:37.326 DEBUG 18080 --- [http-nio-8060-exec-9] c.w.c.mapper.UserMapper.selectByExample  : ==> Parameters: 509e3482-db04-4e64-8564-a1665f8064fc(String)
2020-02-23 15:10:37.326 DEBUG 18080 --- [http-nio-8060-exec-7] c.w.c.mapper.UserMapper.selectByExample  : ==>  Preparing: select ID, ACCOUNT_ID, NAME, TOKEN, GMT_CREATE, GMT_MODIFIED, BIO, AVATAR_URL from USER WHERE ( TOKEN = ? ) 
2020-02-23 15:10:37.327 DEBUG 18080 --- [http-nio-8060-exec-7] c.w.c.mapper.UserMapper.selectByExample  : ==> Parameters: 509e3482-db04-4e64-8564-a1665f8064fc(String)
2020-02-23 15:10:37.327 DEBUG 18080 --- [http-nio-8060-exec-7] c.w.c.mapper.UserMapper.selectByExample  : <==      Total: 1
2020-02-23 15:10:37.327 DEBUG 18080 --- [http-nio-8060-exec-9] c.w.c.mapper.UserMapper.selectByExample  : <==      Total: 1
2020-02-23 15:10:37.328 DEBUG 18080 --- [http-nio-8060-exec-7] c.w.c.m.N.countByExample                 : ==>  Preparing: select count(*) from NOTIFICATION WHERE ( RECEIVER = ? and STATUS = ? ) 
2020-02-23 15:10:37.330 DEBUG 18080 --- [http-nio-8060-exec-9] c.w.c.m.N.countByExample                 : ==>  Preparing: select count(*) from NOTIFICATION WHERE ( RECEIVER = ? and STATUS = ? ) 
2020-02-23 15:10:37.336 DEBUG 18080 --- [http-nio-8060-exec-7] c.w.c.m.N.countByExample                 : ==> Parameters: 1(Long), 0(Integer)
2020-02-23 15:10:37.336 DEBUG 18080 --- [http-nio-8060-exec-9] c.w.c.m.N.countByExample                 : ==> Parameters: 1(Long), 0(Integer)
2020-02-23 15:10:37.337 DEBUG 18080 --- [http-nio-8060-exec-9] c.w.c.m.N.countByExample                 : <==      Total: 1
2020-02-23 15:10:37.337 DEBUG 18080 --- [http-nio-8060-exec-7] c.w.c.m.N.countByExample                 : <==      Total: 1
